# JRE version: OpenJDK Runtime Environment (11.0.15) (build 11.0.15+0-b2043.56-9505619)
# Java VM: OpenJDK 64-Bit Server VM (11.0.15+0-b2043.56-9505619, mixed mode, tiered, compressed oops, g1 gc, windows-amd64)
Heap:
 garbage-first heap   total 172032K, used 132997K [0x0000000080000000, 0x0000000100000000)
  region size 1024K, 65 young (66560K), 8 survivors (8192K)
 Metaspace       used 90197K, capacity 92286K, committed 92316K, reserved 1128448K
  class space    used 11726K, capacity 12544K, committed 12568K, reserved 1048576K
GC Heap History (20 events):
Event: 9.630 GC heap before
{Heap before GC invocations=12 (full 0):
 garbage-first heap   total 118784K, used 81817K [0x0000000080000000, 0x0000000100000000)
  region size 1024K, 61 young (62464K), 8 survivors (8192K)
 Metaspace       used 44990K, capacity 46027K, committed 46236K, reserved 1089536K
  class space    used 5687K, capacity 6084K, committed 6168K, reserved 1048576K
}
Event: 9.652 GC heap after
{Heap after GC invocations=13 (full 0):
 garbage-first heap   total 118784K, used 31240K [0x0000000080000000, 0x0000000100000000)
  region size 1024K, 4 young (4096K), 4 survivors (4096K)
 Metaspace       used 44990K, capacity 46027K, committed 46236K, reserved 1089536K
  class space    used 5687K, capacity 6084K, committed 6168K, reserved 1048576K
}
Event: 10.879 GC heap before
{Heap before GC invocations=13 (full 0):
 garbage-first heap   total 118784K, used 84488K [0x0000000080000000, 0x0000000100000000)
  region size 1024K, 56 young (57344K), 4 survivors (4096K)
 Metaspace       used 48788K, capacity 49925K, committed 50076K, reserved 1093632K
  class space    used 6210K, capacity 6659K, committed 6680K, reserved 1048576K
}
Event: 10.888 GC heap after
{Heap after GC invocations=14 (full 0):
 garbage-first heap   total 143360K, used 32951K [0x0000000080000000, 0x0000000100000000)
  region size 1024K, 6 young (6144K), 6 survivors (6144K)
 Metaspace       used 48788K, capacity 49925K, committed 50076K, reserved 1093632K
  class space    used 6210K, capacity 6659K, committed 6680K, reserved 1048576K
}
Event: 13.208 GC heap before
{Heap before GC invocations=14 (full 0):
 garbage-first heap   total 143360K, used 95415K [0x0000000080000000, 0x0000000100000000)
  region size 1024K, 65 young (66560K), 6 survivors (6144K)
 Metaspace       used 56493K, capacity 57828K, committed 58012K, reserved 1099776K
  class space    used 7127K, capacity 7625K, committed 7704K, reserved 1048576K
}
Event: 13.222 GC heap after
{Heap after GC invocations=15 (full 0):
 garbage-first heap   total 143360K, used 40434K [0x0000000080000000, 0x0000000100000000)
  region size 1024K, 7 young (7168K), 7 survivors (7168K)
 Metaspace       used 56493K, capacity 57828K, committed 58012K, reserved 1099776K
  class space    used 7127K, capacity 7625K, committed 7704K, reserved 1048576K
}
Event: 14.971 GC heap before
{Heap before GC invocations=15 (full 0):
 garbage-first heap   total 143360K, used 114162K [0x0000000080000000, 0x0000000100000000)
  region size 1024K, 74 young (75776K), 7 survivors (7168K)
 Metaspace       used 63699K, capacity 65207K, committed 65436K, reserved 1105920K
  class space    used 8031K, capacity 8634K, committed 8728K, reserved 1048576K
}
Event: 14.988 GC heap after
{Heap after GC invocations=16 (full 0):
 garbage-first heap   total 143360K, used 52928K [0x0000000080000000, 0x0000000100000000)
  region size 1024K, 10 young (10240K), 10 survivors (10240K)
 Metaspace       used 63699K, capacity 65207K, committed 65436K, reserved 1105920K
  class space    used 8031K, capacity 8634K, committed 8728K, reserved 1048576K
}
Event: 16.528 GC heap before
{Heap before GC invocations=16 (full 0):
 garbage-first heap   total 143360K, used 108224K [0x0000000080000000, 0x0000000100000000)
  region size 1024K, 58 young (59392K), 10 survivors (10240K)
 Metaspace       used 67971K, capacity 69539K, committed 69788K, reserved 1110016K
  class space    used 8577K, capacity 9193K, committed 9240K, reserved 1048576K
}
Event: 16.546 GC heap after
{Heap after GC invocations=17 (full 0):
 garbage-first heap   total 143360K, used 59038K [0x0000000080000000, 0x0000000100000000)
  region size 1024K, 6 young (6144K), 6 survivors (6144K)
 Metaspace       used 67971K, capacity 69539K, committed 69788K, reserved 1110016K
  class space    used 8577K, capacity 9193K, committed 9240K, reserved 1048576K
}
Event: 17.874 GC heap before
{Heap before GC invocations=18 (full 0):
 garbage-first heap   total 143360K, used 110238K [0x0000000080000000, 0x0000000100000000)
  region size 1024K, 56 young (57344K), 6 survivors (6144K)
 Metaspace       used 71802K, capacity 73480K, committed 73756K, reserved 1114112K
  class space    used 9099K, capacity 9748K, committed 9880K, reserved 1048576K
}
Event: 17.885 GC heap after
{Heap after GC invocations=19 (full 0):
 garbage-first heap   total 143360K, used 61979K [0x0000000080000000, 0x0000000100000000)
  region size 1024K, 4 young (4096K), 4 survivors (4096K)
 Metaspace       used 71802K, capacity 73480K, committed 73756K, reserved 1114112K
  class space    used 9099K, capacity 9748K, committed 9880K, reserved 1048576K
}
Event: 19.573 GC heap before
{Heap before GC invocations=19 (full 0):
 garbage-first heap   total 143360K, used 113179K [0x0000000080000000, 0x0000000100000000)
  region size 1024K, 54 young (55296K), 4 survivors (4096K)
 Metaspace       used 73540K, capacity 75270K, committed 75548K, reserved 1114112K
  class space    used 9320K, capacity 10020K, committed 10136K, reserved 1048576K
}
Event: 19.585 GC heap after
{Heap after GC invocations=20 (full 0):
 garbage-first heap   total 143360K, used 64960K [0x0000000080000000, 0x0000000100000000)
  region size 1024K, 7 young (7168K), 7 survivors (7168K)
 Metaspace       used 73540K, capacity 75270K, committed 75548K, reserved 1114112K
  class space    used 9320K, capacity 10020K, committed 10136K, reserved 1048576K
}
Event: 21.775 GC heap before
{Heap before GC invocations=20 (full 0):
 garbage-first heap   total 143360K, used 115136K [0x0000000080000000, 0x0000000100000000)
  region size 1024K, 56 young (57344K), 7 survivors (7168K)
 Metaspace       used 78625K, capacity 80412K, committed 80668K, reserved 1120256K
  class space    used 10173K, capacity 10878K, committed 10904K, reserved 1048576K
}
Event: 21.801 GC heap after
{Heap after GC invocations=21 (full 0):
 garbage-first heap   total 143360K, used 68443K [0x0000000080000000, 0x0000000100000000)
  region size 1024K, 7 young (7168K), 7 survivors (7168K)
 Metaspace       used 78625K, capacity 80412K, committed 80668K, reserved 1120256K
  class space    used 10173K, capacity 10878K, committed 10904K, reserved 1048576K
}
Event: 23.751 GC heap before
{Heap before GC invocations=21 (full 0):
 garbage-first heap   total 143360K, used 116571K [0x0000000080000000, 0x0000000100000000)
  region size 1024K, 54 young (55296K), 7 survivors (7168K)
 Metaspace       used 82809K, capacity 84777K, committed 85020K, reserved 1122304K
  class space    used 10758K, capacity 11545K, committed 11672K, reserved 1048576K
}
Event: 23.817 GC heap after
{Heap after GC invocations=22 (full 0):
 garbage-first heap   total 172032K, used 71609K [0x0000000080000000, 0x0000000100000000)
  region size 1024K, 7 young (7168K), 7 survivors (7168K)
 Metaspace       used 82809K, capacity 84777K, committed 85020K, reserved 1122304K
  class space    used 10758K, capacity 11545K, committed 11672K, reserved 1048576K
}
Event: 31.344 GC heap before
{Heap before GC invocations=22 (full 0):
 garbage-first heap   total 172032K, used 132025K [0x0000000080000000, 0x0000000100000000)
  region size 1024K, 66 young (67584K), 7 survivors (7168K)
 Metaspace       used 88879K, capacity 90841K, committed 90908K, reserved 1128448K
  class space    used 11580K, capacity 12391K, committed 12440K, reserved 1048576K
}
Event: 31.408 GC heap after
{Heap after GC invocations=23 (full 0):
 garbage-first heap   total 172032K, used 75653K [0x0000000080000000, 0x0000000100000000)
  region size 1024K, 8 young (8192K), 8 survivors (8192K)
 Metaspace       used 88879K, capacity 90841K, committed 90908K, reserved 1128448K
  class space    used 11580K, capacity 12391K, committed 12440K, reserved 1048576K
}

